빌드 시작: 2014-06-04 오후 7:33:20
     1>2 노드의 "D:\Kyung Huen\학교 자료\Jaguuu\project\bst\bst\bst.vcxproj" 프로젝트(build 대상)입니다.
     1>InitializeBuildStatus:
         "Debug\bst.unsuccessfulbuild"에 연결(touching)하고 있습니다.
       ClCompile:
         C:\Program Files (x86)\Microsoft Visual Studio 10.0\VC\bin\CL.exe /c /ZI /nologo /W3 /WX- /Od /Oy- /D WIN32 /D _DEBUG /D _CONSOLE /D _UNICODE /D UNICODE /Gm /EHsc /RTC1 /MDd /GS /fp:precise /Zc:wchar_t /Zc:forScope /Fo"Debug\\" /Fd"Debug\vc100.pdb" /Gd /TP /analyze- /errorReport:prompt bst.cpp main.cpp
         main.cpp
         코드를 생성하고 있습니다...
         컴파일하고 있습니다...
         bst.cpp
         코드를 생성하고 있습니다...
       ManifestResourceCompile:
         모든 출력이 최신 상태입니다.
       Link:
         C:\Program Files (x86)\Microsoft Visual Studio 10.0\VC\bin\link.exe /ERRORREPORT:PROMPT /OUT:"D:\Kyung Huen\학교 자료\Jaguuu\project\bst\Debug\bst.exe" /INCREMENTAL /NOLOGO kernel32.lib user32.lib gdi32.lib winspool.lib comdlg32.lib advapi32.lib shell32.lib ole32.lib oleaut32.lib uuid.lib odbc32.lib odbccp32.lib /MANIFEST /ManifestFile:"Debug\bst.exe.intermediate.manifest" /MANIFESTUAC:"level='asInvoker' uiAccess='false'" /DEBUG /PDB:"D:\Kyung Huen\학교 자료\Jaguuu\project\bst\Debug\bst.pdb" /SUBSYSTEM:CONSOLE /TLBID:1 /DYNAMICBASE /NXCOMPAT /IMPLIB:"D:\Kyung Huen\학교 자료\Jaguuu\project\bst\Debug\bst.lib" /MACHINE:X86 Debug\bst.exe.embed.manifest.res
         Debug\bst.obj
         Debug\main.obj
       Manifest:
         C:\Program Files (x86)\Microsoft SDKs\Windows\v7.0A\bin\mt.exe /nologo /verbose /out:"Debug\bst.exe.embed.manifest" /manifest Debug\bst.exe.intermediate.manifest
         모든 출력이 최신 상태입니다.
       LinkEmbedManifest:
         모든 출력이 최신 상태입니다.
         bst.vcxproj -> D:\Kyung Huen\학교 자료\Jaguuu\project\bst\Debug\bst.exe
       FinalizeBuildStatus:
         "Debug\bst.unsuccessfulbuild" 파일을 삭제하고 있습니다.
         "Debug\bst.lastbuildstate"에 연결(touching)하고 있습니다.
     1>"D:\Kyung Huen\학교 자료\Jaguuu\project\bst\bst\bst.vcxproj" 프로젝트를 빌드했습니다(build 대상).

빌드했습니다.

경과 시간: 00:00:01.02
