빌드 시작: 2014-04-06 오후 11:41:51
     1>2 노드의 "F:\Jaguuu\project\새 폴더\201311229 이경헌\qqqq\qqqq.vcxproj" 프로젝트(build 대상)입니다.
     1>InitializeBuildStatus:
         "Debug\201311229 이경헌.unsuccessfulbuild"에 연결(touching)하고 있습니다.
       ClCompile:
         C:\Program Files (x86)\Microsoft Visual Studio 10.0\VC\bin\CL.exe /c /ZI /nologo /W3 /WX- /Od /Oy- /D _MBCS /Gm /EHsc /RTC1 /MDd /GS /fp:precise /Zc:wchar_t /Zc:forScope /Fo"Debug\\" /Fd"Debug\vc100.pdb" /Gd /TP /analyze- /errorReport:prompt list.cpp
         list.cpp
     1>f:\jaguuu\project\새 폴더\201311229 이경헌\qqqq\list.cpp(6): warning C4996: 'strcpy': This function or variable may be unsafe. Consider using strcpy_s instead. To disable deprecation, use _CRT_SECURE_NO_WARNINGS. See online help for details.
                 c:\program files (x86)\microsoft visual studio 10.0\vc\include\string.h(105) : 'strcpy' 선언을 참조하십시오.
     1>f:\jaguuu\project\새 폴더\201311229 이경헌\qqqq\list.cpp(7): warning C4996: 'strcpy': This function or variable may be unsafe. Consider using strcpy_s instead. To disable deprecation, use _CRT_SECURE_NO_WARNINGS. See online help for details.
                 c:\program files (x86)\microsoft visual studio 10.0\vc\include\string.h(105) : 'strcpy' 선언을 참조하십시오.
     1>f:\jaguuu\project\새 폴더\201311229 이경헌\qqqq\list.cpp(8): warning C4996: 'strcpy': This function or variable may be unsafe. Consider using strcpy_s instead. To disable deprecation, use _CRT_SECURE_NO_WARNINGS. See online help for details.
                 c:\program files (x86)\microsoft visual studio 10.0\vc\include\string.h(105) : 'strcpy' 선언을 참조하십시오.
       Link:
         C:\Program Files (x86)\Microsoft Visual Studio 10.0\VC\bin\link.exe /ERRORREPORT:PROMPT /OUT:"F:\Jaguuu\project\새 폴더\201311229 이경헌\Debug\201311229 이경헌.exe" /NOLOGO kernel32.lib user32.lib gdi32.lib winspool.lib comdlg32.lib advapi32.lib shell32.lib ole32.lib oleaut32.lib uuid.lib odbc32.lib odbccp32.lib /MANIFEST /ManifestFile:"Debug\201311229 이경헌.exe.intermediate.manifest" /MANIFESTUAC:"level='asInvoker' uiAccess='false'" /DEBUG /PDB:"F:\Jaguuu\project\새 폴더\201311229 이경헌\Debug\201311229 이경헌.pdb" /TLBID:1 /DYNAMICBASE /NXCOMPAT /IMPLIB:"F:\Jaguuu\project\새 폴더\201311229 이경헌\Debug\201311229 이경헌.lib" /MACHINE:X86 Debug\list.obj
         Debug\main.obj
         LINK : F:\Jaguuu\project\새 폴더\201311229 이경헌\Debug\201311229 이경헌.exe을(를) 찾을 수 없거나 마지막 증분 링크에 의해 빌드되지 않았습니다. 전체 링크를 수행하고 있습니다.
         qqqq.vcxproj -> F:\Jaguuu\project\새 폴더\201311229 이경헌\Debug\201311229 이경헌.exe
       Manifest:
         C:\Program Files (x86)\Microsoft SDKs\Windows\v7.0A\bin\mt.exe /nologo /verbose /outputresource:"F:\Jaguuu\project\새 폴더\201311229 이경헌\Debug\201311229 이경헌.exe;#1" /manifest "Debug\201311229 이경헌.exe.intermediate.manifest"
       FinalizeBuildStatus:
         "Debug\201311229 이경헌.unsuccessfulbuild" 파일을 삭제하고 있습니다.
         "Debug\201311229 이경헌.lastbuildstate"에 연결(touching)하고 있습니다.
     1>"F:\Jaguuu\project\새 폴더\201311229 이경헌\qqqq\qqqq.vcxproj" 프로젝트를 빌드했습니다(build 대상).

빌드했습니다.

경과 시간: 00:00:49.42
