  link.cpp
c:\users\heun\desktop\하드드라이브 백업\1학년\jaguuu\project\연결리스트\linked\link.h(39): warning C4996: 'strcpy': This function or variable may be unsafe. Consider using strcpy_s instead. To disable deprecation, use _CRT_SECURE_NO_WARNINGS. See online help for details.
  e:\windows kits\10\include\10.0.17134.0\ucrt\string.h(133): note: 'strcpy' 선언을 참조하십시오.
c:\users\heun\desktop\하드드라이브 백업\1학년\jaguuu\project\연결리스트\linked\link.cpp(5): warning C4996: 'strcpy': This function or variable may be unsafe. Consider using strcpy_s instead. To disable deprecation, use _CRT_SECURE_NO_WARNINGS. See online help for details.
  e:\windows kits\10\include\10.0.17134.0\ucrt\string.h(133): note: 'strcpy' 선언을 참조하십시오.
c:\users\heun\desktop\하드드라이브 백업\1학년\jaguuu\project\연결리스트\linked\link.cpp(6): warning C4996: 'strcpy': This function or variable may be unsafe. Consider using strcpy_s instead. To disable deprecation, use _CRT_SECURE_NO_WARNINGS. See online help for details.
  e:\windows kits\10\include\10.0.17134.0\ucrt\string.h(133): note: 'strcpy' 선언을 참조하십시오.
c:\users\heun\desktop\하드드라이브 백업\1학년\jaguuu\project\연결리스트\linked\link.cpp(7): warning C4996: 'strcpy': This function or variable may be unsafe. Consider using strcpy_s instead. To disable deprecation, use _CRT_SECURE_NO_WARNINGS. See online help for details.
  e:\windows kits\10\include\10.0.17134.0\ucrt\string.h(133): note: 'strcpy' 선언을 참조하십시오.
c:\users\heun\desktop\하드드라이브 백업\1학년\jaguuu\project\연결리스트\linked\link.cpp(17): warning C4996: 'strcpy': This function or variable may be unsafe. Consider using strcpy_s instead. To disable deprecation, use _CRT_SECURE_NO_WARNINGS. See online help for details.
  e:\windows kits\10\include\10.0.17134.0\ucrt\string.h(133): note: 'strcpy' 선언을 참조하십시오.
c:\users\heun\desktop\하드드라이브 백업\1학년\jaguuu\project\연결리스트\linked\link.cpp(18): warning C4996: 'strcpy': This function or variable may be unsafe. Consider using strcpy_s instead. To disable deprecation, use _CRT_SECURE_NO_WARNINGS. See online help for details.
  e:\windows kits\10\include\10.0.17134.0\ucrt\string.h(133): note: 'strcpy' 선언을 참조하십시오.
c:\users\heun\desktop\하드드라이브 백업\1학년\jaguuu\project\연결리스트\linked\link.cpp(19): warning C4996: 'strcpy': This function or variable may be unsafe. Consider using strcpy_s instead. To disable deprecation, use _CRT_SECURE_NO_WARNINGS. See online help for details.
  e:\windows kits\10\include\10.0.17134.0\ucrt\string.h(133): note: 'strcpy' 선언을 참조하십시오.
c:\users\heun\desktop\하드드라이브 백업\1학년\jaguuu\project\연결리스트\linked\link.cpp(91): warning C4996: 'strcpy': This function or variable may be unsafe. Consider using strcpy_s instead. To disable deprecation, use _CRT_SECURE_NO_WARNINGS. See online help for details.
  e:\windows kits\10\include\10.0.17134.0\ucrt\string.h(133): note: 'strcpy' 선언을 참조하십시오.
c:\users\heun\desktop\하드드라이브 백업\1학년\jaguuu\project\연결리스트\linked\link.cpp(95): warning C4996: 'strcpy': This function or variable may be unsafe. Consider using strcpy_s instead. To disable deprecation, use _CRT_SECURE_NO_WARNINGS. See online help for details.
  e:\windows kits\10\include\10.0.17134.0\ucrt\string.h(133): note: 'strcpy' 선언을 참조하십시오.
  main.cpp
c:\users\heun\desktop\하드드라이브 백업\1학년\jaguuu\project\연결리스트\linked\link.h(39): warning C4996: 'strcpy': This function or variable may be unsafe. Consider using strcpy_s instead. To disable deprecation, use _CRT_SECURE_NO_WARNINGS. See online help for details.
  e:\windows kits\10\include\10.0.17134.0\ucrt\string.h(133): note: 'strcpy' 선언을 참조하십시오.
  코드를 생성하고 있습니다...
c:\users\heun\desktop\하드드라이브 백업\1학년\jaguuu\project\연결리스트\linked\link.cpp(105): warning C4700: 초기화되지 않은 'a' 지역 변수를 사용했습니다.
LINK : fatal error LNK1201: 'C:\Users\Heun\Desktop\하드드라이브 백업\1학년\Jaguuu\project\연결리스트\Debug\linked.pdb' 프로그램 데이터베이스를 쓰는 동안 오류가 발생했습니다. 디스크 공간이 부족한지, 경로가 잘못되었는지 또는 권한이 없는지 확인하십시오.
